0 info it worked if it ends with ok
1 verbose cli [ '/usr/local/bin/node',
1 verbose cli   '/usr/local/bin/npm',
1 verbose cli   'install',
1 verbose cli   '-g',
1 verbose cli   'power' ]
2 info using npm@2.15.9
3 info using node@v4.5.0
4 verbose install initial load of /usr/local/lib/package.json
5 verbose readDependencies loading dependencies from /usr/local/lib/package.json
6 silly cache add args [ 'power', null ]
7 verbose cache add spec power
8 silly cache add parsed spec Result {
8 silly cache add   raw: 'power',
8 silly cache add   scope: null,
8 silly cache add   name: 'power',
8 silly cache add   rawSpec: '',
8 silly cache add   spec: 'latest',
8 silly cache add   type: 'tag' }
9 silly addNamed power@latest
10 verbose addNamed "latest" is being treated as a dist-tag for power
11 info addNameTag [ 'power', 'latest' ]
12 silly mapToRegistry name power
13 silly mapToRegistry using default registry
14 silly mapToRegistry registry https://registry.npmjs.org/
15 silly mapToRegistry data Result {
15 silly mapToRegistry   raw: 'power',
15 silly mapToRegistry   scope: null,
15 silly mapToRegistry   name: 'power',
15 silly mapToRegistry   rawSpec: '',
15 silly mapToRegistry   spec: 'latest',
15 silly mapToRegistry   type: 'tag' }
16 silly mapToRegistry uri https://registry.npmjs.org/power
17 verbose addNameTag registry:https://registry.npmjs.org/power not in flight; fetching
18 verbose request uri https://registry.npmjs.org/power
19 verbose request no auth needed
20 info attempt registry request try #1 at 9:41:40 PM
21 verbose request id 57821c76588b7b9a
22 http request GET https://registry.npmjs.org/power
23 http 200 https://registry.npmjs.org/power
24 verbose headers { server: 'nginx/1.10.1',
24 verbose headers   'content-type': 'application/json',
24 verbose headers   'last-modified': 'Thu, 20 Dec 2012 02:48:29 GMT',
24 verbose headers   etag: 'W/"50d27c7d-1acb"',
24 verbose headers   'content-encoding': 'gzip',
24 verbose headers   'cache-control': 'max-age=300',
24 verbose headers   'content-length': '1908',
24 verbose headers   'accept-ranges': 'bytes',
24 verbose headers   date: 'Tue, 21 Feb 2017 05:41:40 GMT',
24 verbose headers   via: '1.1 varnish',
24 verbose headers   age: '0',
24 verbose headers   connection: 'keep-alive',
24 verbose headers   'x-served-by': 'cache-sjc3625-SJC',
24 verbose headers   'x-cache': 'MISS',
24 verbose headers   'x-cache-hits': '0',
24 verbose headers   'x-timer': 'S1487655700.940738,VS0,VE33',
24 verbose headers   vary: 'Accept-Encoding' }
25 silly get cb [ 200,
25 silly get   { server: 'nginx/1.10.1',
25 silly get     'content-type': 'application/json',
25 silly get     'last-modified': 'Thu, 20 Dec 2012 02:48:29 GMT',
25 silly get     etag: 'W/"50d27c7d-1acb"',
25 silly get     'content-encoding': 'gzip',
25 silly get     'cache-control': 'max-age=300',
25 silly get     'content-length': '1908',
25 silly get     'accept-ranges': 'bytes',
25 silly get     date: 'Tue, 21 Feb 2017 05:41:40 GMT',
25 silly get     via: '1.1 varnish',
25 silly get     age: '0',
25 silly get     connection: 'keep-alive',
25 silly get     'x-served-by': 'cache-sjc3625-SJC',
25 silly get     'x-cache': 'MISS',
25 silly get     'x-cache-hits': '0',
25 silly get     'x-timer': 'S1487655700.940738,VS0,VE33',
25 silly get     vary: 'Accept-Encoding' } ]
26 verbose get saving power to /Users/Mikhail/.npm/registry.npmjs.org/power/.cache.json
27 verbose correctMkdir /Users/Mikhail/.npm correctMkdir not in flight; initializing
28 silly addNameTag next cb for power with tag latest
29 silly addNamed power@0.1.0
30 verbose addNamed "0.1.0" is a plain semver version for power
31 silly mapToRegistry name power
32 silly mapToRegistry using default registry
33 silly mapToRegistry registry https://registry.npmjs.org/
34 silly mapToRegistry data Result {
34 silly mapToRegistry   raw: 'power',
34 silly mapToRegistry   scope: null,
34 silly mapToRegistry   name: 'power',
34 silly mapToRegistry   rawSpec: '',
34 silly mapToRegistry   spec: 'latest',
34 silly mapToRegistry   type: 'tag' }
35 silly mapToRegistry uri https://registry.npmjs.org/power
36 verbose addRemoteTarball https://registry.npmjs.org/power/-/power-0.1.0.tgz not in flight; adding
37 verbose addRemoteTarball [ 'https://registry.npmjs.org/power/-/power-0.1.0.tgz',
37 verbose addRemoteTarball   'b0d2974f46f94343a4061e176ce78e7daf929b1a' ]
38 info retry fetch attempt 1 at 9:41:40 PM
39 info attempt registry request try #1 at 9:41:40 PM
40 http fetch GET https://registry.npmjs.org/power/-/power-0.1.0.tgz
41 http fetch 200 https://registry.npmjs.org/power/-/power-0.1.0.tgz
42 silly fetchAndShaCheck shasum b0d2974f46f94343a4061e176ce78e7daf929b1a
43 verbose addTmpTarball /var/folders/08/zsw_p7lx77bbd21_hg4lrb2c0000gn/T/npm-2256-c16e8d0f/registry.npmjs.org/power/-/power-0.1.0.tgz not in flight; adding
44 verbose addTmpTarball already have metadata; skipping unpack for power@0.1.0
45 verbose correctMkdir /Users/Mikhail/.npm correctMkdir not in flight; initializing
46 silly cache afterAdd power@0.1.0
47 verbose afterAdd /Users/Mikhail/.npm/power/0.1.0/package/package.json not in flight; writing
48 verbose correctMkdir /Users/Mikhail/.npm correctMkdir not in flight; initializing
49 verbose afterAdd /Users/Mikhail/.npm/power/0.1.0/package/package.json written
50 silly install resolved [ { name: 'power',
50 silly install resolved     public: true,
50 silly install resolved     version: '0.1.0',
50 silly install resolved     description: 'Thanks for installing Tower and using it to build an application! You can read this file for more information on how to get started. You can also read the website we\'ve made: http://towerjs.org. There are also plenty of screencasts here: http://towerjs.org/screencast.',
50 silly install resolved     homepage: 'http://feilaoda.github.com/power',
50 silly install resolved     main: './server.js',
50 silly install resolved     subdomain: 'power',
50 silly install resolved     author: { name: '\'feilaoda\'', email: 'azhenglive@gmail.com' },
50 silly install resolved     keywords: [ 'node' ],
50 silly install resolved     maintainers: [ [Object] ],
50 silly install resolved     contributors: [],
50 silly install resolved     licenses: [ [Object] ],
50 silly install resolved     bugs: { url: 'https://github.com/feilaoda/power/issues' },
50 silly install resolved     repository: { type: 'git', url: 'https://github.com/feilaoda/power.git' },
50 silly install resolved     engines: { node: '>= 0.6.0', npm: '>= 1' },
50 silly install resolved     dependencies:
50 silly install resolved      { async: '>= 0.1.22',
50 silly install resolved        'coffee-script': '1.3.3',
50 silly install resolved        mongodb: '>= 1.1.10',
50 silly install resolved        coffeecup: '>= 0.3.17',
50 silly install resolved        'socket.io': '>= 0.8.7',
50 silly install resolved        'socket.io-client': '>= 0.9.5',
50 silly install resolved        tower: '>= 0.4.2',
50 silly install resolved        which: '>= 1.0.5',
50 silly install resolved        nodemailer: '>= 0.3.28',
50 silly install resolved        kue: '>= 0.3.4' },
50 silly install resolved     optionalDependencies: { nodemailer: '>= 0.3.28', kue: '>= 0.3.4' },
50 silly install resolved     devDependencies:
50 silly install resolved      { chokidar: '~0.4.0',
50 silly install resolved        stylus: '>= 0.29.0',
50 silly install resolved        Faker: '>= 0.1.3',
50 silly install resolved        less: '>= 1.2.2',
50 silly install resolved        'uglify-js': '>= 1.1.1',
50 silly install resolved        mocha: '>= 0.12.1',
50 silly install resolved        chai: '>= 0.3.3',
50 silly install resolved        sinon: '>= 1.3.1',
50 silly install resolved        knox: '>= 0.0.11',
50 silly install resolved        gzip: '>= 0.1.0',
50 silly install resolved        'cli-table': '>= 0.0.1',
50 silly install resolved        'grunt-contrib-less': '>= 0.3.0',
50 silly install resolved        'grunt-contrib-stylus': '>= 0.3.0',
50 silly install resolved        'grunt-contrib': '>= 0.2.0',
50 silly install resolved        superagent: '>= 0.9.5',
50 silly install resolved        wrench: '>= 1.3.8',
50 silly install resolved        fibers: '~0.6.8',
50 silly install resolved        ejs: '>= 0.6.1' },
50 silly install resolved     scripts:
50 silly install resolved      { test: './node_modules/mocha/bin/mocha $(find test -name "*Test.coffee")',
50 silly install resolved        prepublish: 'npm prune; rm -rf node_modules/*/{test,example,bench}*',
50 silly install resolved        start: 'node server.js -e production' },
50 silly install resolved     tower: { stylesheets: 'styl', scripts: 'coffee', templates: 'coffee' },
50 silly install resolved     readme: '# Tower.js\n\nThanks for installing Tower and using it to build an application! You can read this file for more information on how to get started. You can also read the website we\'ve made: http://towerjs.org. There are also plenty of screencasts here: http://towerjs.org/screencast.\n\n## Install\n\nYou\'ve probably already got `tower` installed if you\'re reading this, but just in case we\'ve provided a little instruction. To get started with Tower you\'ll need the following software:\n\n- [Node.js](http://nodejs.org/)\n- [Node Package Manager](https://npmjs.org/) (aka, npm)\n- [MongoDB](http://www.mongodb.org/)\n\nWith those two installed you only need to do the following steps to create your first app:\n\n1. `npm install -g forever tower`\n2. `tower new app-name-here`\n3. `cd app-name-here`\n4. `npm install`\n\nNext you need to run the watcher to compile your assets. Run this in a new window that you\'ll keep open:\n\n```\ncake watch\n```\n\nIf you don\'t have the `cake` command, install coffeescript globally with `npm install -g coffee-script`.\n\nNow your application is fully setup and ready to run with `forever`:\n\n```\nforever server.js\n```\n\nYou can discover the other commands by using `tower --help`. You also have access to a console with `tower console`. Look to the `Cakefile` for more commands.\n\n## Test\n\nRun tests:\n\n```\nnpm test\n```\n\nRead up on [testing Tower.js apps](http://towerjs.org/guides/testing).\n\n## Deploy\n\n[How to deploy Tower Apps to Heroku](http://towerjs.org/guides/deployment#heroku).\n\n## Documentation\n\n- [Tower.js](http://towerjs.org/guides)\n- [Ember.js](http://emberjs.com/)\n- [MongoDB](http://www.mongodb.org/display/DOCS/Advanced+Queries)\n- [Node.js](http://nodejs.org/docs/v0.6.11/api/fs.html)\n- [Mocha](https://github.com/visionmedia/mocha)\n- [CoffeeScript](http://coffeescript.org/)\n- [Stylus](http://learnboost.github.com/stylus/)\n\nIf all else fails, see the [Rails Guides](http://guides.rubyonrails.org/), should be fairly close.\n',
50 silly install resolved     readmeFilename: 'README.md',
50 silly install resolved     _id: 'power@0.1.0',
50 silly install resolved     dist:
50 silly install resolved      { shasum: 'b0d2974f46f94343a4061e176ce78e7daf929b1a',
50 silly install resolved        tarball: 'https://registry.npmjs.org/power/-/power-0.1.0.tgz' },
50 silly install resolved     _npmVersion: '1.1.65',
50 silly install resolved     _npmUser: { name: 'feilaoda', email: 'azhenglive@gmail.com' },
50 silly install resolved     directories: {},
50 silly install resolved     _shasum: 'b0d2974f46f94343a4061e176ce78e7daf929b1a',
50 silly install resolved     _resolved: 'https://registry.npmjs.org/power/-/power-0.1.0.tgz',
50 silly install resolved     _from: 'power@latest' } ]
51 info install power@0.1.0 into /usr/local/lib
52 info installOne power@0.1.0
53 verbose installOne of power to /usr/local/lib not in flight; installing
54 verbose correctMkdir /Users/Mikhail/.npm/_locks correctMkdir not in flight; initializing
55 verbose lock using /Users/Mikhail/.npm/_locks/power-ce462cb21c1e0b15.lock for /usr/local/lib/node_modules/power
56 silly install write writing power 0.1.0 to /usr/local/lib/node_modules/power
57 verbose unbuild lib/node_modules/power
58 silly gentlyRm /usr/local/lib/node_modules/power is being purged from base /usr/local
59 verbose gentlyRm don't care about contents; nuking /usr/local/lib/node_modules/power
60 verbose tar unpack /Users/Mikhail/.npm/power/0.1.0/package.tgz
61 verbose tar unpacking to /usr/local/lib/node_modules/power
62 silly gentlyRm /usr/local/lib/node_modules/power is being purged
63 verbose gentlyRm don't care about contents; nuking /usr/local/lib/node_modules/power
64 silly gunzTarPerm modes [ '755', '644' ]
65 error tar.unpack untar error /Users/Mikhail/.npm/power/0.1.0/package.tgz
66 verbose unlock done using /Users/Mikhail/.npm/_locks/power-ce462cb21c1e0b15.lock for /usr/local/lib/node_modules/power
67 verbose fstream_path /usr/local/lib/node_modules/power
68 verbose fstream_type Directory
69 verbose fstream_class DirWriter
70 verbose stack Error: EACCES: permission denied, mkdir '/usr/local/lib/node_modules/power'
70 verbose stack     at Error (native)
71 verbose fstream_stack /usr/local/lib/node_modules/npm/node_modules/fstream/lib/dir-writer.js:35:25
71 verbose fstream_stack /usr/local/lib/node_modules/npm/node_modules/mkdirp/index.js:47:53
71 verbose fstream_stack FSReqWrap.oncomplete (fs.js:82:15)
72 verbose cwd /Users/Mikhail/Desktop/Programming/heroku_app
73 error Darwin 14.5.0
74 error argv "/usr/local/bin/node" "/usr/local/bin/npm" "install" "-g" "power"
75 error node v4.5.0
76 error npm  v2.15.9
77 error path /usr/local/lib/node_modules/power
78 error code EACCES
79 error errno -13
80 error syscall mkdir
81 error Error: EACCES: permission denied, mkdir '/usr/local/lib/node_modules/power'
81 error     at Error (native)
81 error  { [Error: EACCES: permission denied, mkdir '/usr/local/lib/node_modules/power']
81 error   errno: -13,
81 error   code: 'EACCES',
81 error   syscall: 'mkdir',
81 error   path: '/usr/local/lib/node_modules/power',
81 error   fstream_type: 'Directory',
81 error   fstream_path: '/usr/local/lib/node_modules/power',
81 error   fstream_class: 'DirWriter',
81 error   fstream_stack:
81 error    [ '/usr/local/lib/node_modules/npm/node_modules/fstream/lib/dir-writer.js:35:25',
81 error      '/usr/local/lib/node_modules/npm/node_modules/mkdirp/index.js:47:53',
81 error      'FSReqWrap.oncomplete (fs.js:82:15)' ] }
82 error Please try running this command again as root/Administrator.
83 verbose exit [ -13, true ]
84 verbose unbuild lib/node_modules/power
85 silly gentlyRm /usr/local/lib/node_modules/power is being purged from base /usr/local
86 verbose gentlyRm don't care about contents; nuking /usr/local/lib/node_modules/power
